<?xml version="1.0" encoding="UTF-8"?>
<!-- Generated by org.testng.reporters.JUnitReportReporter -->
<testsuite hostname="CTAS-Laptop076" failures="0" tests="2" name="mhdnurfaizzy.Test.regressionParaBank" time="26.237" errors="0" timestamp="2024-03-12T10:42:23 ICT" skipped="0">
  <testcase classname="mhdnurfaizzy.Test.regressionParaBank" name="Login" time="10.252"/>
  <testcase classname="mhdnurfaizzy.Test.regressionParaBank" name="registration" time="15.985"/>
</testsuite> <!-- mhdnurfaizzy.Test.regressionParaBank -->
